<?xml version="1.0" encoding="UTF-8"?>
<testsuite xmlns:xsi="http://www.w3.org/2001/XMLSchema-instance" xsi:noNamespaceSchemaLocation="https://maven.apache.org/surefire/maven-surefire-plugin/xsd/surefire-test-report-3.0.xsd" version="3.0" name="TestRunner.TestRunner" time="11.007" tests="1" errors="0" skipped="0" failures="0">
  <properties>
[...]
</properties>
  <testcase name="runScenario[&quot;Verify that the all the fields is visible on the login page&quot;, &quot;Login Page UI validation&quot;](1)" classname="TestRunner.TestRunner" time="8.689">
    <system-out><![CDATA[
@login_test
Scenario: Verify that the all the fields is visible on the login page  # file:///F:/my_maven_project/Orange_HRM/src/test/resources/features/login.feature:7
[20:37:30] [TestNG-PoolService-1] INFO  DriverFactory.DriverFactory - Initializing WebDriver for browser: chrome
[20:37:30] [TestNG-PoolService-1] INFO  DriverFactory.DriverFactory - Running tests on remote WebDriver Grid.
[20:37:33] [TestNG-PoolService-1] INFO  DriverFactory.DriverFactory - Chrome browser launched on Selenium Grid.
[20:37:37] [TestNG-PoolService-1] INFO  StepImplementations.Login_StepDef - User is on Login page as expected. URL matched: https://opensource-demo.orangehrmlive.com/web/index.php/auth/login
  ✔ When I navigate to the login page                                  # StepImplementations.Login_StepDef.I_navigate_to_the_login_page()
[20:37:38] [TestNG-PoolService-1] INFO  StepImplementations.Login_StepDef - Email and Password textboxes are displayed as expected.
  ✔ Then I should see the email textbox and password textbox displayed # StepImplementations.Login_StepDef.I_should_see_the_email_textbox_and_password_textbox_displayed()
[20:37:38] [TestNG-PoolService-1] INFO  StepImplementations.Login_StepDef - Entered email: Admin
[20:37:38] [TestNG-PoolService-1] INFO  StepImplementations.Login_StepDef - Entered password: admin123
  ✔ When I enter email 'Admin' and password 'admin123'                 # StepImplementations.Login_StepDef.I_enter_email_and_password(java.lang.String,java.lang.String)
[20:37:38] [TestNG-PoolService-1] INFO  StepImplementations.Login_StepDef - Login button is displayed and enabled.
[20:37:39] [TestNG-PoolService-1] INFO  StepImplementations.Login_StepDef - Clicked on login button.
  ✔ Then I click on login button                                       # StepImplementations.Login_StepDef.I_click_on_login_button()
[20:37:39] [TestNG-PoolService-1] INFO  DriverFactory.DriverFactory - Closing the browser...
[20:37:39] [TestNG-PoolService-1] INFO  DriverFactory.DriverFactory - Browser closed successfully.
]]></system-out>
    <system-err><![CDATA[Aug 20, 2025 8:37:30 PM org.openqa.selenium.remote.tracing.opentelemetry.OpenTelemetryTracer createTracer
INFO: Using OpenTelemetry for tracing
]]></system-err>
  </testcase>
</testsuite>